Assembler report for processador
<<<<<<< HEAD
Sat Dec  9 02:20:17 2017
=======
Fri Dec 08 16:27:17 2017
>>>>>>> 11aee444fe1828aa9ab10ba64b08b77acfe15462
Quartus II 64-Bit Version 13.0.0 Build 156 04/24/2013 SJ Web Edition


---------------------
; Table of Contents ;
---------------------
  1. Legal Notice
  2. Assembler Summary
  3. Assembler Settings
  4. Assembler Generated Files
<<<<<<< HEAD
  5. Assembler Device Options: processador.sof
  6. Assembler Device Options: processador.pof
=======
  5. Assembler Device Options: D:/Documents/GitHub/pR0C3Ss0r/Processor3.5/output_files/processador.sof
  6. Assembler Device Options: D:/Documents/GitHub/pR0C3Ss0r/Processor3.5/output_files/processador.pof
>>>>>>> 11aee444fe1828aa9ab10ba64b08b77acfe15462
  7. Assembler Messages



----------------
; Legal Notice ;
----------------
Copyright (C) 1991-2013 Altera Corporation
Your use of Altera Corporation's design tools, logic functions 
and other software and tools, and its AMPP partner logic 
functions, and any output files from any of the foregoing 
(including device programming or simulation files), and any 
associated documentation or information are expressly subject 
to the terms and conditions of the Altera Program License 
Subscription Agreement, Altera MegaCore Function License 
Agreement, or other applicable license agreement, including, 
without limitation, that your use is for the sole purpose of 
programming logic devices manufactured by Altera and sold by 
Altera or its authorized distributors.  Please refer to the 
applicable agreement for further details.



+---------------------------------------------------------------+
; Assembler Summary                                             ;
+-----------------------+---------------------------------------+
<<<<<<< HEAD
; Assembler Status      ; Successful - Sat Dec  9 02:20:17 2017 ;
=======
; Assembler Status      ; Successful - Fri Dec 08 16:27:17 2017 ;
>>>>>>> 11aee444fe1828aa9ab10ba64b08b77acfe15462
; Revision Name         ; processador                           ;
; Top-level Entity Name ; cpu                                   ;
; Family                ; Cyclone II                            ;
; Device                ; EP2C35F672C6                          ;
+-----------------------+---------------------------------------+


+--------------------------------------------------------------------------------------------------------+
; Assembler Settings                                                                                     ;
+-----------------------------------------------------------------------------+----------+---------------+
; Option                                                                      ; Setting  ; Default Value ;
+-----------------------------------------------------------------------------+----------+---------------+
; Use smart compilation                                                       ; Off      ; Off           ;
; Enable parallel Assembler and TimeQuest Timing Analyzer during compilation  ; On       ; On            ;
; Enable compact report table                                                 ; Off      ; Off           ;
; Generate compressed bitstreams                                              ; On       ; On            ;
; Compression mode                                                            ; Off      ; Off           ;
; Clock source for configuration device                                       ; Internal ; Internal      ;
; Clock frequency of the configuration device                                 ; 10 MHZ   ; 10 MHz        ;
; Divide clock frequency by                                                   ; 1        ; 1             ;
; Auto user code                                                              ; On       ; On            ;
; Use configuration device                                                    ; On       ; On            ;
; Configuration device                                                        ; Auto     ; Auto          ;
; Configuration device auto user code                                         ; Off      ; Off           ;
; Generate Tabular Text File (.ttf) For Target Device                         ; Off      ; Off           ;
; Generate Raw Binary File (.rbf) For Target Device                           ; Off      ; Off           ;
; Generate Hexadecimal (Intel-Format) Output File (.hexout) for Target Device ; Off      ; Off           ;
; Hexadecimal Output File start address                                       ; 0        ; 0             ;
; Hexadecimal Output File count direction                                     ; Up       ; Up            ;
; Release clears before tri-states                                            ; Off      ; Off           ;
; Auto-restart configuration after error                                      ; On       ; On            ;
; Maintain Compatibility with All Cyclone II M4K Versions                     ; On       ; On            ;
; Generate Serial Vector Format File (.svf) for Target Device                 ; Off      ; Off           ;
; Generate a JEDEC STAPL Format File (.jam) for Target Device                 ; Off      ; Off           ;
; Generate a compressed Jam STAPL Byte Code 2.0 File (.jbc) for Target Device ; Off      ; Off           ;
; Generate a compressed Jam STAPL Byte Code 2.0 File (.jbc) for Target Device ; On       ; On            ;
+-----------------------------------------------------------------------------+----------+---------------+


<<<<<<< HEAD
+---------------------------+
; Assembler Generated Files ;
+---------------------------+
; File Name                 ;
+---------------------------+
; processador.sof           ;
; processador.pof           ;
+---------------------------+


+-------------------------------------------+
; Assembler Device Options: processador.sof ;
+----------------+--------------------------+
; Option         ; Setting                  ;
+----------------+--------------------------+
; Device         ; EP2C5T144C6              ;
; JTAG usercode  ; 0x00085580               ;
; Checksum       ; 0x00085580               ;
+----------------+--------------------------+


+-------------------------------------------+
; Assembler Device Options: processador.pof ;
+--------------------+----------------------+
; Option             ; Setting              ;
+--------------------+----------------------+
; Device             ; EPCS4                ;
; JTAG usercode      ; 0x00000000           ;
; Checksum           ; 0x07511656           ;
; Compression Ratio  ; 3                    ;
+--------------------+----------------------+
=======
+-------------------------------------------------------------------------+
; Assembler Generated Files                                               ;
+-------------------------------------------------------------------------+
; File Name                                                               ;
+-------------------------------------------------------------------------+
; D:/Documents/GitHub/pR0C3Ss0r/Processor3.5/output_files/processador.sof ;
; D:/Documents/GitHub/pR0C3Ss0r/Processor3.5/output_files/processador.pof ;
+-------------------------------------------------------------------------+


+---------------------------------------------------------------------------------------------------+
; Assembler Device Options: D:/Documents/GitHub/pR0C3Ss0r/Processor3.5/output_files/processador.sof ;
+----------------+----------------------------------------------------------------------------------+
; Option         ; Setting                                                                          ;
+----------------+----------------------------------------------------------------------------------+
; Device         ; EP2C35F672C6                                                                     ;
; JTAG usercode  ; 0x0030791E                                                                       ;
; Checksum       ; 0x0030791E                                                                       ;
+----------------+----------------------------------------------------------------------------------+


+---------------------------------------------------------------------------------------------------+
; Assembler Device Options: D:/Documents/GitHub/pR0C3Ss0r/Processor3.5/output_files/processador.pof ;
+--------------------+------------------------------------------------------------------------------+
; Option             ; Setting                                                                      ;
+--------------------+------------------------------------------------------------------------------+
; Device             ; EPCS16                                                                       ;
; JTAG usercode      ; 0x00000000                                                                   ;
; Checksum           ; 0x1C7897AA                                                                   ;
; Compression Ratio  ; 3                                                                            ;
+--------------------+------------------------------------------------------------------------------+
>>>>>>> 11aee444fe1828aa9ab10ba64b08b77acfe15462


+--------------------+
; Assembler Messages ;
+--------------------+
Info: *******************************************************************
Info: Running Quartus II 64-Bit Assembler
    Info: Version 13.0.0 Build 156 04/24/2013 SJ Web Edition
<<<<<<< HEAD
    Info: Processing started: Sat Dec  9 02:20:16 2017
=======
    Info: Processing started: Fri Dec 08 16:27:12 2017
>>>>>>> 11aee444fe1828aa9ab10ba64b08b77acfe15462
Info: Command: quartus_asm --read_settings_files=off --write_settings_files=off processador -c processador
Info (115031): Writing out detailed assembly data for power analysis
Info (115030): Assembler is generating device programming files
Info: Quartus II 64-Bit Assembler was successful. 0 errors, 0 warnings
<<<<<<< HEAD
    Info: Peak virtual memory: 544 megabytes
    Info: Processing ended: Sat Dec  9 02:20:17 2017
    Info: Elapsed time: 00:00:01
    Info: Total CPU time (on all processors): 00:00:01
=======
    Info: Peak virtual memory: 481 megabytes
    Info: Processing ended: Fri Dec 08 16:27:17 2017
    Info: Elapsed time: 00:00:05
    Info: Total CPU time (on all processors): 00:00:04
>>>>>>> 11aee444fe1828aa9ab10ba64b08b77acfe15462


